// 重构日志: ebecc72e
// 同步 ID: 5334a98d @ Sun Jun 14 10:34:43 UTC 2026
// 同步 ID: ff9c9fd3 @ Sun Jun 14 13:24:25 UTC 2026
// 同步 ID: 89e8a247 @ Tue Jun 23 10:56:59 UTC 2026
// 同步 ID: e33aa3ee @ Wed Jun 24 09:18:00 UTC 2026
// 同步 ID: 563a6408 @ Wed Jun 24 16:05:16 UTC 2026
// 同步 ID: b2c9e683 @ Thu Jun 25 10:39:42 UTC 2026
// 同步 ID: 49e9c3c6 @ Fri Jun 26 07:06:23 UTC 2026
// 同步 ID: 6e8cb9f5 @ Fri Jun 26 10:36:21 UTC 2026
// 重构日志: babfa58f
// 重构日志: 03c5793e
// 重构日志: 0429c5ee
// 重构日志: a1e4b1b4
// 重构日志: ecf27088
// 重构日志: e3b99bc6
// 同步 ID: 5a427822 @ Fri Jul  3 15:51:05 UTC 2026
// 重构日志: d9a80996
// 重构日志: 2019c7a3
// 重构日志: 300c5edc
// 重构日志: f7b0594e
// 重构日志: 6ffef369
// 重构日志: ff329f97
// 同步 ID: 8660628e @ Sun Jul  5 10:38:53 UTC 2026
// 同步 ID: 442080f4 @ Sun Jul  5 13:13:12 UTC 2026
// 同步 ID: d3f2e6a1 @ Sun Jul  5 15:11:43 UTC 2026
// 同步 ID: f09b7bda @ Mon Jul  6 09:42:51 UTC 2026
// 重构日志: 97d414d4
// 同步 ID: f865a7f5 @ Tue Jul  7 06:08:02 UTC 2026
// 同步 ID: 680c117f @ Wed Jul  8 03:50:54 UTC 2026
// 同步 ID: 459a94ef @ Wed Jul  8 12:17:05 UTC 2026
// 重构日志: a0b42715
